my_cron_job starts
2021-04-24 11:44:00.771521
mail_stats 29
my_cron_job starts
2021-04-24 11:45:01.149177
mail_stats 29
my_cron_job starts
2021-04-24 11:46:00.471458
mail_stats 29
my_cron_job starts
2021-04-24 11:47:00.753925
mail_stats 29
my_cron_job starts
2021-04-24 11:48:01.071157
mail_stats 29
my_cron_job starts
2021-04-24 11:49:01.388557
mail_stats 29
my_cron_job starts
2021-04-24 11:50:00.799489
mail_stats 29
my_cron_job starts
2021-04-24 11:51:01.089663
mail_stats 29
my_cron_job starts
2021-04-24 11:52:01.402572
mail_stats 29
my_cron_job starts
2021-04-24 11:53:00.725532
mail_stats 29
my_cron_job starts
2021-04-24 11:54:01.113133
mail_stats 29
my_cron_job starts
2021-04-24 11:55:00.634513
mail_stats 29
my_cron_job starts
2021-04-24 11:56:00.864701
mail_stats 29
my_cron_job starts
2021-04-24 11:57:01.248837
mail_stats 29
my_cron_job starts
2021-04-24 11:58:00.595331
mail_stats 29
my_cron_job starts
2021-04-24 11:59:00.994860
mail_stats 29
my_cron_job starts
2021-04-24 12:00:00.475261
mail_stats 29
my_cron_job starts
2021-04-24 12:01:00.732970
mail_stats 29
my_cron_job starts
2021-04-24 12:02:01.258342
mail_stats 29
my_cron_job starts
2021-04-24 12:03:00.576394
mail_stats 29
my_cron_job starts
2021-04-24 12:04:01.000847
mail_stats 29
my_cron_job starts
2021-04-24 12:05:00.658062
mail_stats 29
my_cron_job starts
2021-04-24 12:06:00.996140
mail_stats 29
my_cron_job starts
2021-04-24 12:07:00.561825
mail_stats 29
my_cron_job starts
2021-04-24 12:08:01.097615
mail_stats 29
my_cron_job starts
2021-04-24 12:09:00.628192
mail_stats 29
my_cron_job starts
2021-04-24 12:10:01.146487
mail_stats 29
my_cron_job starts
2021-04-24 12:11:00.661089
mail_stats 29
my_cron_job starts
2021-04-24 12:12:01.208878
mail_stats 29
my_cron_job starts
2021-04-24 12:13:00.723132
mail_stats 29
my_cron_job starts
2021-04-24 12:14:01.223460
mail_stats 29
my_cron_job starts
2021-04-24 12:15:00.710547
mail_stats 29
my_cron_job starts
2021-04-24 12:16:01.233741
mail_stats 29
my_cron_job starts
2021-04-24 12:17:00.780725
mail_stats 29
inside mail maass
my_cron_job starts
2021-04-24 12:18:01.315599
mail_stats 29
inside mail maass
my_cron_job starts
2021-04-24 12:19:00.777480
mail_stats 29
inside mail maass
my_cron_job starts
2021-04-24 12:20:01.304216
mail_stats 29
inside mail maass
my_cron_job starts
2021-04-24 12:21:00.826391
mail_stats 29
inside mail maass
my_cron_job starts
2021-04-24 12:22:01.335146
mail_stats 29
inside mail maass
my_cron_job starts
2021-04-24 12:23:00.832053
mail_stats 29
inside mail maass
my_cron_job starts
2021-04-24 12:24:01.340749
mail_stats 29
inside mail maass
my_cron_job starts
2021-04-24 12:25:00.868333
mail_stats 29
inside mail maass
my_cron_job starts
2021-04-24 12:26:01.378787
mail_stats 29
inside mail maass
my_cron_job starts
2021-04-24 12:27:00.903245
mail_stats 29
inside mail maass
my_cron_job starts
2021-04-24 12:28:01.409464
mail_stats 29
inside mail maass
my_cron_job starts
2021-04-24 12:29:00.913025
mail_stats 29
inside mail maass
my_cron_job starts
2021-04-24 12:30:01.412860
mail_stats 29
inside mail maass
my_cron_job starts
2021-04-24 12:31:00.919875
mail_stats 29
inside mail maass
my_cron_job starts
2021-04-24 12:32:01.430434
mail_stats 29
inside mail maass
my_cron_job starts
2021-04-24 12:33:00.948048
mail_stats 29
inside mail maass
my_cron_job starts
2021-04-24 12:34:00.452351
mail_stats 29
inside mail maass
my_cron_job starts
2021-04-24 12:35:00.986645
mail_stats 29
inside mail maass
my_cron_job starts
2021-04-24 12:36:00.520330
mail_stats 29
inside mail maass
my_cron_job starts
2021-04-24 12:37:01.031056
mail_stats 29
inside mail maass
my_cron_job starts
2021-04-24 12:38:00.469910
mail_stats 29
inside mail maass
my_cron_job starts
2021-04-24 12:39:00.998438
mail_stats 29
my_cron_job starts
2021-04-24 12:40:00.507329
mail_stats 29
my_cron_job starts
2021-04-24 12:41:01.019142
mail_stats 29
my_cron_job starts
2021-04-24 12:42:00.567368
mail_stats 29
my_cron_job starts
2021-04-24 12:43:01.133557
mail_stats 29
my_cron_job starts
2021-04-24 12:44:00.657281
mail_stats 29
my_cron_job starts
2021-04-24 12:45:01.177910
mail_stats 29
my_cron_job starts
2021-04-24 12:46:00.751536
mail_stats 29
my_cron_job starts
2021-04-24 12:47:01.253917
mail_stats 29
my_cron_job starts
2021-04-24 12:48:00.765614
mail_stats 29
my_cron_job starts
2021-04-24 12:49:01.278968
mail_stats 29
my_cron_job starts
2021-04-24 12:50:00.774575
mail_stats 29
my_cron_job starts
2021-04-24 12:51:01.284552
mail_stats 29
my_cron_job starts
2021-04-24 12:52:00.796633
mail_stats 29
my_cron_job starts
2021-04-24 12:53:01.398272
mail_stats 29
my_cron_job starts
2021-04-24 12:54:00.955917
mail_stats 29
my_cron_job starts
2021-04-24 12:55:00.630356
mail_stats 29
my_cron_job starts
2021-04-24 12:56:01.147646
mail_stats 29
my_cron_job starts
2021-04-24 12:57:00.652185
mail_stats 29
my_cron_job starts
2021-04-24 12:58:00.911721
mail_stats 29
my_cron_job starts
2021-04-24 12:59:01.355340
mail_stats 29
my_cron_job starts
2021-04-24 13:00:00.665694
mail_stats 29
my_cron_job starts
2021-04-24 13:01:01.187871
mail_stats 29
my_cron_job starts
2021-04-24 13:02:00.992111
mail_stats 29
my_cron_job starts
2021-04-24 13:03:01.376293
mail_stats 29
my_cron_job starts
2021-04-24 13:04:00.607590
mail_stats 29
my_cron_job starts
2021-04-24 13:05:01.059968
mail_stats 29
my_cron_job starts
2021-04-24 13:06:00.500657
mail_stats 29
my_cron_job starts
2021-04-24 13:07:00.603367
mail_stats 29
my_cron_job starts
2021-04-24 13:08:00.901835
mail_stats 29
my_cron_job starts
2021-04-24 13:09:01.211372
mail_stats 29
my_cron_job starts
2021-04-24 13:10:00.623822
mail_stats 29
my_cron_job starts
2021-04-24 13:11:01.019101
mail_stats 29
my_cron_job starts
2021-04-24 13:12:00.958494
mail_stats 29
my_cron_job starts
2021-04-24 13:13:01.231808
mail_stats 29
my_cron_job starts
2021-04-24 13:14:00.662917
mail_stats 29
my_cron_job starts
2021-04-24 13:15:00.958126
mail_stats 29
my_cron_job starts
2021-04-24 13:16:00.520889
mail_stats 29
my_cron_job starts
2021-04-24 13:17:00.633154
mail_stats 29
send_messages starts
my_cron_job starts
2021-04-24 13:18:00.986211
mail_stats 29
send_messages starts
my_cron_job starts
2021-04-24 13:19:01.327988
mail_stats 29
send_messages starts
my_cron_job starts
2021-04-24 13:20:00.891365
mail_stats 29
send_messages starts
my_cron_job starts
2021-04-24 13:21:01.188338
mail_stats 29
send_messages starts
my_cron_job starts
2021-04-24 13:22:01.248248
mail_stats 29
send_messages starts
my_cron_job starts
2021-04-24 13:23:00.810028
mail_stats 29
send_messages starts
my_cron_job starts
2021-04-24 13:24:01.212004
mail_stats 29
send_messages starts
my_cron_job starts
2021-04-24 13:25:00.673326
mail_stats 29
send_messages starts
my_cron_job starts
2021-04-24 13:26:01.283935
mail_stats 29
send_messages starts
my_cron_job starts
2021-04-24 13:27:01.343576
mail_stats 29
send_messages starts
my_cron_job starts
2021-04-24 13:28:01.186274
mail_stats 29
send_messages starts
my_cron_job starts
2021-04-24 13:29:00.730062
mail_stats 29
send_messages starts
my_cron_job starts
2021-04-24 13:30:01.058836
mail_stats 29
send_messages starts
my_cron_job starts
2021-04-24 13:31:00.533505
mail_stats 29
send_messages starts
my_cron_job starts
2021-04-24 13:32:00.630300
mail_stats 29
send_messages starts
my_cron_job starts
2021-04-24 13:33:00.885930
mail_stats 29
send_messages starts
my_cron_job starts
2021-04-24 13:34:01.263233
mail_stats 29
send_messages starts
my_cron_job starts
2021-04-24 13:35:00.715492
mail_stats 29
send_messages starts
my_cron_job starts
2021-04-24 13:36:00.985486
mail_stats 29
send_messages starts
my_cron_job starts
2021-04-24 13:37:00.864731
mail_stats 29
send_messages starts
my_cron_job starts
2021-04-24 13:38:01.324842
mail_stats 29
send_messages starts
my_cron_job starts
2021-04-24 13:39:00.711460
mail_stats 29
send_messages starts
my_cron_job starts
2021-04-24 13:40:01.113102
mail_stats 29
send_messages starts
my_cron_job starts
2021-04-24 13:41:01.501156
mail_stats 29
send_messages starts
my_cron_job starts
2021-04-24 13:42:00.693648
mail_stats 29
send_messages starts
my_cron_job starts
2021-04-24 13:43:00.959976
mail_stats 29
send_messages starts
my_cron_job starts
2021-04-24 13:44:01.373659
mail_stats 29
send_messages starts
my_cron_job starts
2021-04-24 13:45:00.697385
mail_stats 29
send_messages starts
my_cron_job starts
2021-04-24 13:46:01.128889
mail_stats 29
send_messages starts
my_cron_job starts
2021-04-24 13:47:01.074329
mail_stats 29
my_cron_job starts
2021-04-24 13:48:01.383724
mail_stats 29
my_cron_job starts
2021-04-24 13:49:00.731098
mail_stats 29
my_cron_job starts
2021-04-24 13:50:01.200875
mail_stats 29
my_cron_job starts
2021-04-24 13:51:00.541994
mail_stats 29
my_cron_job starts
2021-04-24 13:52:01.131726
mail_stats 29
my_cron_job starts
2021-04-24 13:53:00.588434
mail_stats 29
my_cron_job starts
2021-04-24 13:54:00.911573
mail_stats 29
my_cron_job starts
2021-04-24 13:55:01.296523
mail_stats 29
my_cron_job starts
2021-04-24 13:56:00.735443
mail_stats 29
my_cron_job starts
2021-04-24 13:57:01.418316
mail_stats 29
my_cron_job starts
2021-04-24 13:58:00.767355
mail_stats 29
my_cron_job starts
2021-04-24 13:59:01.157755
mail_stats 29
my_cron_job starts
2021-04-24 14:00:00.448519
mail_stats 29
my_cron_job starts
2021-04-24 14:01:01.243764
mail_stats 29
my_cron_job starts
2021-04-24 14:02:01.009222
mail_stats 29
my_cron_job starts
2021-04-24 14:03:00.563469
mail_stats 29
my_cron_job starts
2021-04-24 14:04:01.177331
mail_stats 29
my_cron_job starts
2021-04-24 14:05:00.876399
mail_stats 29
my_cron_job starts
2021-04-24 14:06:01.385950
mail_stats 29
my_cron_job starts
2021-04-24 14:07:00.953443
mail_stats 29
my_cron_job starts
2021-04-24 14:08:01.472781
mail_stats 29
my_cron_job starts
2021-04-24 14:09:01.001013
mail_stats 29
my_cron_job starts
2021-04-24 14:10:01.494540
mail_stats 29
my_cron_job starts
2021-04-24 14:11:01.114478
mail_stats 29
my_cron_job starts
2021-04-24 14:12:01.496272
mail_stats 29
my_cron_job starts
2021-04-24 14:13:00.926693
mail_stats 29
my_cron_job starts
2021-04-24 14:14:01.250378
mail_stats 29
my_cron_job starts
2021-04-24 14:15:00.662089
mail_stats 29
my_cron_job starts
2021-04-24 14:16:01.089730
mail_stats 29
my_cron_job starts
2021-04-24 14:17:01.329674
mail_stats 29
my_cron_job starts
2021-04-24 14:18:00.661338
mail_stats 29
my_cron_job starts
2021-04-24 14:19:01.243649
mail_stats 29
my_cron_job starts
2021-04-24 14:20:00.780622
mail_stats 29
my_cron_job starts
2021-04-24 14:21:01.480243
mail_stats 29
my_cron_job starts
2021-04-24 14:22:01.086662
mail_stats 29
my_cron_job starts
2021-04-24 14:23:01.669013
mail_stats 29
my_cron_job starts
2021-04-24 14:24:00.974962
mail_stats 29
my_cron_job starts
2021-04-24 14:25:01.315917
mail_stats 29
my_cron_job starts
2021-04-24 14:26:00.855080
mail_stats 29
my_cron_job starts
2021-04-24 14:27:01.226140
mail_stats 29
inside mail maass
my_cron_job starts
2021-04-24 14:28:00.720654
mail_stats 29
inside mail maass
my_cron_job starts
2021-04-24 14:29:01.239946
mail_stats 29
inside mail maass
my_cron_job starts
2021-04-24 14:30:00.720393
mail_stats 29
inside mail maass
my_cron_job starts
2021-04-24 14:31:01.228279
mail_stats 29
inside mail maass
my_cron_job starts
2021-04-24 14:32:00.732291
mail_stats 29
inside mail maass
my_cron_job starts
2021-04-24 14:33:01.229485
mail_stats 29
inside mail maass
my_cron_job starts
2021-04-24 14:34:00.726542
mail_stats 29
inside mail maass
my_cron_job starts
2021-04-24 14:35:01.251176
mail_stats 29
inside mail maass
my_cron_job starts
2021-04-24 14:36:00.811299
mail_stats 29
inside mail maass
my_cron_job starts
2021-04-24 14:37:01.320894
mail_stats 29
inside mail maass
my_cron_job starts
2021-04-24 14:38:00.823923
mail_stats 29
inside mail maass
my_cron_job starts
2021-04-24 14:39:01.318921
mail_stats 29
inside mail maass
my_cron_job starts
2021-04-24 14:40:00.817575
mail_stats 29
inside mail maass
my_cron_job starts
2021-04-24 14:41:01.301622
mail_stats 29
inside mail maass
my_cron_job starts
2021-04-24 14:42:00.849148
mail_stats 29
inside mail maass
my_cron_job starts
2021-04-24 14:43:01.439977
mail_stats 29
inside mail maass
my_cron_job starts
2021-04-24 14:44:01.052976
mail_stats 29
inside mail maass
my_cron_job starts
2021-04-24 14:45:00.632345
mail_stats 29
inside mail maass
my_cron_job starts
2021-04-24 14:46:01.218302
mail_stats 29
inside mail maass
my_cron_job starts
2021-04-24 14:47:00.895633
mail_stats 29
inside mail maass
my_cron_job starts
2021-04-24 14:48:01.464233
mail_stats 29
inside mail maass
my_cron_job starts
2021-04-24 14:49:01.037228
mail_stats 29
inside mail maass
my_cron_job starts
2021-04-24 14:50:00.604939
mail_stats 29
inside mail maass
my_cron_job starts
2021-04-24 14:51:01.194067
mail_stats 29
inside mail maass
my_cron_job starts
2021-04-24 14:52:00.761924
mail_stats 29
inside mail maass
my_cron_job starts
2021-04-24 14:53:01.335084
mail_stats 29
inside mail maass
my_cron_job starts
2021-04-24 14:54:00.924029
mail_stats 29
inside mail maass
my_cron_job starts
2021-04-24 14:55:01.641974
mail_stats 29
inside mail maass
my_cron_job starts
2021-04-24 14:56:01.200342
mail_stats 29
inside mail maass
my_cron_job starts
2021-04-24 14:57:00.915146
mail_stats 29
inside mail maass
my_cron_job starts
2021-04-24 14:58:00.747405
mail_stats 29
inside mail maass
my_cron_job starts
2021-04-24 14:59:01.445951
mail_stats 29
inside mail maass
my_cron_job starts
2021-04-24 15:00:01.268368
mail_stats 29
inside mail maass
my_cron_job starts
2021-04-24 15:01:01.110015
mail_stats 29
inside mail maass
my_cron_job starts
2021-04-24 15:02:00.961704
mail_stats 29
inside mail maass
my_cron_job starts
2021-04-24 15:03:00.785190
mail_stats 29
inside mail maass
my_cron_job starts
2021-04-24 15:04:01.541763
mail_stats 29
inside mail maass
my_cron_job starts
2021-04-24 15:05:01.301972
mail_stats 29
inside mail maass
my_cron_job starts
2021-04-24 15:06:01.049977
mail_stats 29
inside mail maass
my_cron_job starts
2021-04-24 15:07:00.691681
mail_stats 29
inside mail maass
my_cron_job starts
2021-04-24 15:08:01.453970
mail_stats 29
inside mail maass
my_cron_job starts
2021-04-24 15:09:00.939393
mail_stats 29
inside mail maass
my_cron_job starts
2021-04-24 15:10:00.469862
mail_stats 29
inside mail maass
my_cron_job starts
2021-04-24 15:11:01.034763
mail_stats 29
inside mail maass
my_cron_job starts
2021-04-24 15:12:00.574442
mail_stats 29
inside mail maass
my_cron_job starts
2021-04-24 15:13:01.164578
mail_stats 29
inside mail maass
my_cron_job starts
2021-04-24 15:14:00.690550
mail_stats 29
inside mail maass
my_cron_job starts
2021-04-24 15:15:01.255953
mail_stats 29
inside mail maass
my_cron_job starts
2021-04-24 15:29:00.975270
mail_stats 29
my_cron_job starts
2021-04-24 15:30:01.403177
mail_stats 29
my_cron_job starts
2021-04-24 15:31:00.870420
mail_stats 29
my_cron_job starts
2021-04-24 15:32:01.285230
mail_stats 29
my_cron_job starts
2021-04-24 15:34:01.000480
mail_stats 29
my_cron_job starts
2021-04-24 15:35:01.442892
mail_stats 29
my_cron_job starts
2021-04-24 15:36:00.836920
mail_stats 29
my_cron_job starts
2021-04-24 15:37:01.262297
mail_stats 29
my_cron_job starts
2021-04-24 15:38:00.787738
mail_stats 29
my_cron_job starts
2021-04-24 15:39:01.402772
mail_stats 29
my_cron_job starts
2021-04-24 15:40:00.983864
mail_stats 29
my_cron_job starts
2021-04-24 15:41:00.742071
mail_stats 29
my_cron_job starts
2021-04-24 15:42:01.169101
mail_stats 29
my_cron_job starts
2021-04-24 15:43:00.877814
mail_stats 29
my_cron_job starts
2021-04-24 15:44:01.322951
mail_stats 29
my_cron_job starts
2021-04-24 15:45:00.799059
mail_stats 29
my_cron_job starts
2021-04-24 15:46:01.190670
mail_stats 29
my_cron_job starts
2021-04-24 15:47:01.631964
mail_stats 29
my_cron_job starts
2021-04-24 15:48:01.296059
mail_stats 29
my_cron_job starts
2021-04-24 15:49:00.766314
mail_stats 29
my_cron_job starts
2021-04-24 15:50:01.419940
mail_stats 29
my_cron_job starts
2021-04-24 15:51:01.045515
mail_stats 29
my_cron_job starts
2021-04-24 15:52:00.815446
mail_stats 29
my_cron_job starts
2021-04-24 15:53:01.424154
mail_stats 29
my_cron_job starts
2021-04-24 15:54:01.034412
mail_stats 29
my_cron_job ends
my_cron_job starts
2021-04-24 15:55:01.535397
mail_stats 29
my_cron_job ends
my_cron_job starts
2021-04-24 15:56:00.696283
mail_stats 29
my_cron_job ends
my_cron_job starts
2021-04-24 15:57:00.844003
mail_stats 29
my_cron_job ends
my_cron_job starts
2021-04-24 15:58:01.040889
mail_stats 29
my_cron_job ends
my_cron_job starts
2021-04-24 15:59:01.189606
mail_stats 29
my_cron_job ends
my_cron_job starts
2021-04-24 16:00:01.176434
mail_stats 29
my_cron_job ends
